
ASEM-51 V1.3                                         Copyright (c) 2002 by W.W. Heinz                                         PAGE 1





       MCS-51 Family Macro Assembler   A S E M - 5 1   V 1.3
       =====================================================



	Source File:	C:\Users\asus\Documents\SEMESTER 5\PRAK SISKOM\UP-DOWN COUNTER2.asm
	Object File:	C:\Users\asus\Documents\SEMESTER 5\PRAK SISKOM\UP-DOWN COUNTER2.hex
	List File:	C:\Users\asus\Documents\SEMESTER 5\PRAK SISKOM\UP-DOWN COUNTER2.lst



 Line  I  Addr  Code            Source

    1:		N      0000		org 	0h
    2:	  0000	02 00 30		ljmp	utama
    3:	  0003	02 00 45		ljmp	cacah_naik
    4:		N      0013		org	13h
    5:	  0013	02 00 4C		ljmp	cacah_turun
    6:		N      0030		org	30h
    7:	  0030			utama:
    8:	  0030	90 00 58		mov	dptr, #numerik
    9:	  0033	E4			clr	a
   10:	  0034	93			movc	a, @a+dptr
   11:	  0035	F5 80			mov	p0, a
   12:	  0037	78 00			mov	r0, #0
   13:				;
   14:					;mov	ie, #85h	; <- bisa juga aktivasi INT pake yang singkat begini
   15:	  0039	D2 A8			setb	ex0
   16:	  003B	D2 AA			setb	ex1
   17:	  003D	D2 AF			setb	ea
   18:	  003F	D2 88			setb	it0
   19:	  0041	D2 8A			setb	it1
   20:	  0043	80 FE			sjmp	$
   21:				;
   22:	  0045			cacah_naik:
   23:	  0045	08			inc	r0
   24:	  0046	B8 0A 0A		cjne	r0, #10, tampil
   25:	  0049	78 09			mov	r0, #9
   26:	  004B	32			reti
   27:				;
   28:	  004C			cacah_turun:
   29:	  004C	18			dec	r0
   30:	  004D	B8 FF 03		cjne	r0, #255, tampil
   31:	  0050	78 00			mov	r0, #0
   32:	  0052	32			reti
   33:				;
   34:	  0053			tampil:
   35:	  0053	E8			mov	a, r0
   36:	  0054	93			movc	a, @a+dptr
   37:	  0055	F5 80			mov	p0, a
   38:	  0057	32			reti
   39:				;
   40:	  0058			numerik:
   41:	  0058	C0 F9 A4 B0		DB	0C0h,0F9h,0A4h,0B0h,99h,92h,82h,0F8h,80h,90h
	  005C	99 92 82 F8
	  0060	80 90

ASEM-51 V1.3                                         Copyright (c) 2002 by W.W. Heinz                                         PAGE 2



 Line  I  Addr  Code            Source

   42:					end





                     register banks used:  ---

                     no errors




ASEM-51 V1.3                                         Copyright (c) 2002 by W.W. Heinz                                         PAGE 3





	       L I S T   O F   S Y M B O L S
	       =============================


SYMBOL				  TYPE     VALUE	LINE
------------------------------------------------------------
??ASEM_51			  NUMBER    8051
??VERSION			  NUMBER    0130
AC				  BIT	      D6
ACC				  DATA	      E0
B				  DATA	      F0
CACAH_NAIK			  CODE	    0045	  22
CACAH_TURUN			  CODE	    004C	  28
CY				  BIT	      D7
DPH				  DATA	      83
DPL				  DATA	      82
EA				  BIT	      AF
ES				  BIT	      AC
ET0				  BIT	      A9
ET1				  BIT	      AB
EX0				  BIT	      A8
EX1				  BIT	      AA
EXTI0				  CODE	    0003
EXTI1				  CODE	    0013
F0				  BIT	      D5
IE				  DATA	      A8
IE0				  BIT	      89
IE1				  BIT	      8B
INT0				  BIT	      B2
INT1				  BIT	      B3
IP				  DATA	      B8
IT0				  BIT	      88
IT1				  BIT	      8A
NUMERIK				  CODE	    0058	  40
OV				  BIT	      D2
P				  BIT	      D0
P0				  DATA	      80
P1				  DATA	      90
P2				  DATA	      A0
P3				  DATA	      B0
PCON				  DATA	      87
PS				  BIT	      BC
PSW				  DATA	      D0
PT0				  BIT	      B9
PT1				  BIT	      BB
PX0				  BIT	      B8
PX1				  BIT	      BA
RB8				  BIT	      9A
RD				  BIT	      B7
REN				  BIT	      9C
RESET				  CODE	    0000
RI				  BIT	      98
RS0				  BIT	      D3
RS1				  BIT	      D4
RXD				  BIT	      B0
SBUF				  DATA	      99

ASEM-51 V1.3                                         Copyright (c) 2002 by W.W. Heinz                                         PAGE 4



SYMBOL				  TYPE     VALUE	LINE
------------------------------------------------------------
SCON				  DATA	      98
SINT				  CODE	    0023
SM0				  BIT	      9F
SM1				  BIT	      9E
SM2				  BIT	      9D
SP				  DATA	      81
T0				  BIT	      B4
T1				  BIT	      B5
TAMPIL				  CODE	    0053	  34
TB8				  BIT	      9B
TCON				  DATA	      88
TF0				  BIT	      8D
TF1				  BIT	      8F
TH0				  DATA	      8C
TH1				  DATA	      8D
TI				  BIT	      99
TIMER0				  CODE	    000B
TIMER1				  CODE	    001B
TL0				  DATA	      8A
TL1				  DATA	      8B
TMOD				  DATA	      89
TR0				  BIT	      8C
TR1				  BIT	      8E
TXD				  BIT	      B1
UTAMA				  CODE	    0030	   7
WR				  BIT	      B6
